[22884:27976:0403/025144.562:INFO:chrome_browser_cloud_management_controller.cc(202)] No machine level policy manager exists.
[29892:8844:0403/025150.191:ERROR:gles2_cmd_decoder_passthrough.cc(1081)] [GroupMarkerNotSet(crbug.com/242999)!:A0C027006C5D0000]Automatic fallback to software WebGL has been deprecated. Please use the --enable-unsafe-swiftshader flag to opt in to lower security guarantees for trusted content.
[22884:27976:0403/025150.209:INFO:CONSOLE(0)] "[GroupMarkerNotSet(crbug.com/242999)!:A0C027006C5D0000]Automatic fallback to software WebGL has been deprecated. Please use the --enable-unsafe-swiftshader flag to opt in to lower security guarantees for trusted content.", source: https://www.instagram.com/tchanturiaguga/followers/ (0)
[22884:27976:0403/025150.211:INFO:CONSOLE(238)] "
%cStop! font-family:helvetica; font-size:20px; font-size:50px; font-weight:bold; color:red; -webkit-text-stroke:1px black;", source: https://static.cdninstagram.com/rsrc.php/v4/ya/r/X1af-R2gWQv.js (238)
[22884:27976:0403/025150.211:INFO:CONSOLE(238)] "
%cThis is a browser feature intended for developers. If someone told you to copy-paste something here to enable an Instagram feature or "hack" someone's account, it is a scam and will give them access to your Instagram account. font-family:helvetica; font-size:20px; ", source: https://static.cdninstagram.com/rsrc.php/v4/ya/r/X1af-R2gWQv.js (238)
[22884:27976:0403/025150.211:INFO:CONSOLE(238)] "
%cSee https://www.facebook.com/selfxss for more information. font-family:helvetica; font-size:20px; ", source: https://static.cdninstagram.com/rsrc.php/v4/ya/r/X1af-R2gWQv.js (238)
[22884:27976:0403/025150.211:INFO:CONSOLE(238)] "
%c ", source: https://static.cdninstagram.com/rsrc.php/v4/ya/r/X1af-R2gWQv.js (238)
[29892:8844:0403/025150.216:ERROR:gles2_cmd_decoder_passthrough.cc(1081)] [GroupMarkerNotSet(crbug.com/242999)!:A0F027006C5D0000]Automatic fallback to software WebGL has been deprecated. Please use the --enable-unsafe-swiftshader flag to opt in to lower security guarantees for trusted content.
[22884:27976:0403/025150.226:INFO:CONSOLE(0)] "[GroupMarkerNotSet(crbug.com/242999)!:A0F027006C5D0000]Automatic fallback to software WebGL has been deprecated. Please use the --enable-unsafe-swiftshader flag to opt in to lower security guarantees for trusted content.", source: https://www.instagram.com/tchanturiaguga/followers/ (0)
[22884:27976:0403/025150.226:INFO:CONSOLE(0)] "Banner not shown: beforeinstallpromptevent.preventDefault() called. The page must call beforeinstallpromptevent.prompt() to show the banner.", source: https://www.instagram.com/tchanturiaguga/followers/ (0)
[22884:27976:0403/025151.013:INFO:CONSOLE(70)] "ErrorUtils caught an error:

Got unexpected null or undefined

Subsequent non-fatal errors won't be logged; see https://fburl.com/debugjs. [object Object]", source: https://static.cdninstagram.com/rsrc.php/v4/ya/r/X1af-R2gWQv.js (70)
[22884:27976:0403/025152.377:INFO:CONSOLE(238)] "
%cStop! font-family:helvetica; font-size:20px; font-size:50px; font-weight:bold; color:red; -webkit-text-stroke:1px black;", source: https://static.cdninstagram.com/rsrc.php/v4/ya/r/X1af-R2gWQv.js (238)
[22884:27976:0403/025152.377:INFO:CONSOLE(238)] "
%cThis is a browser feature intended for developers. If someone told you to copy-paste something here to enable an Instagram feature or "hack" someone's account, it is a scam and will give them access to your Instagram account. font-family:helvetica; font-size:20px; ", source: https://static.cdninstagram.com/rsrc.php/v4/ya/r/X1af-R2gWQv.js (238)
[22884:27976:0403/025152.377:INFO:CONSOLE(238)] "
%cSee https://www.facebook.com/selfxss for more information. font-family:helvetica; font-size:20px; ", source: https://static.cdninstagram.com/rsrc.php/v4/ya/r/X1af-R2gWQv.js (238)
[22884:27976:0403/025152.377:INFO:CONSOLE(238)] "
%c ", source: https://static.cdninstagram.com/rsrc.php/v4/ya/r/X1af-R2gWQv.js (238)
[29892:8844:0403/025152.563:ERROR:gles2_cmd_decoder_passthrough.cc(1081)] [GroupMarkerNotSet(crbug.com/242999)!:A0F027006C5D0000]Automatic fallback to software WebGL has been deprecated. Please use the --enable-unsafe-swiftshader flag to opt in to lower security guarantees for trusted content.
[22884:27976:0403/025152.576:INFO:CONSOLE(0)] "[GroupMarkerNotSet(crbug.com/242999)!:A0F027006C5D0000]Automatic fallback to software WebGL has been deprecated. Please use the --enable-unsafe-swiftshader flag to opt in to lower security guarantees for trusted content.", source: https://www.instagram.com/accounts/login/?next=%2Ftchanturiaguga%2Ffollowers%2F&source=omni_redirect (0)
[22884:27976:0403/025152.749:INFO:CONSOLE(0)] "[DOM] Input elements should have autocomplete attributes (suggested: "current-password"): (More info: https://goo.gl/9p2vKq) %o", source: https://www.instagram.com/accounts/login/?next=%2Ftchanturiaguga%2Ffollowers%2F&source=omni_redirect (0)
[22884:27976:0403/025152.792:INFO:CONSOLE(0)] "Banner not shown: beforeinstallpromptevent.preventDefault() called. The page must call beforeinstallpromptevent.prompt() to show the banner.", source: https://www.instagram.com/accounts/login/?next=%2Ftchanturiaguga%2Ffollowers%2F&source=omni_redirect (0)
[7292:8912:0403/025154.679:WARNING:sqlite_persistent_store_backend_base.cc(176)] Failed to post task from FlushAndNotifyInBackground@net\extras\sqlite\sqlite_persistent_store_backend_base.cc:226 to client_task_runner_.
[7292:8912:0403/025154.679:WARNING:sqlite_persistent_store_backend_base.cc(176)] Failed to post task from FlushAndNotifyInBackground@net\extras\sqlite\sqlite_persistent_store_backend_base.cc:226 to client_task_runner_.
